<?xml version="1.0" encoding="UTF-8"?>
<!-- Generated by org.testng.reporters.JUnitReportReporter -->
<testsuite hostname="DESKTOP-TDD8K48" failures="0" tests="16" name="testcases_customer.TC_Class1" time="41.978" errors="0" timestamp="2024-10-25T10:00:09 IST" skipped="0">
  <testcase classname="testcases_customer.TC_Class1" name="verify_APP_is_Installed" time="0.124"/>
  <system-out/>
  <testcase classname="testcases_customer.TC_Class1" name="verify_CustoerAppLogin_with_Wrong_Credentials" time="4.893"/>
  <system-out/>
  <testcase classname="testcases_customer.TC_Class1" name="verify_CustomerAppLogin_with_Valid_Credentials" time="3.709"/>
  <system-out/>
  <testcase classname="testcases_customer.TC_Class1" name="verify_Customer_SignIn_with_9_Digit_MobileNumber" time="11.899"/>
  <system-out/>
  <testcase classname="testcases_customer.TC_Class1" name="visibility_TermsANDConditions" time="0.276"/>
  <system-out/>
  <testcase classname="testcases_customer.TC_Class1" name="clickability_TermsANDConditions" time="1.366"/>
  <system-out/>
  <testcase classname="testcases_customer.TC_Class1" name="verify_Cust_SignIn_with_New_MobileNumber_10_Digit" time="9.883"/>
  <system-out/>
  <testcase classname="testcases_customer.TC_Class1" name="verify_NameTextBox_InformationPage" time="0.415"/>
  <system-out/>
  <testcase classname="testcases_customer.TC_Class1" name="verify_EmailTextBox_InformationPage" time="2.179"/>
  <system-out/>
  <testcase classname="testcases_customer.TC_Class1" name="verify_customer_BirthMonth_dropdown" time="0.846"/>
  <system-out/>
  <testcase classname="testcases_customer.TC_Class1" name="customer_choose_BirthMonth" time="1.962"/>
  <system-out/>
  <testcase classname="testcases_customer.TC_Class1" name="customer_choose_BirthDate" time="1.871"/>
  <system-out/>
  <testcase classname="testcases_customer.TC_Class1" name="verify_YES_NO_Button_InformationPage" time="1.027"/>
  <system-out/>
  <testcase classname="testcases_customer.TC_Class1" name="verify_Age_CheckBox" time="0.414"/>
  <system-out/>
  <testcase classname="testcases_customer.TC_Class1" name="click_letsStartButton" time="0.435"/>
  <system-out/>
  <testcase classname="testcases_customer.TC_Class1" name="verify_POPUP_Cancel_Button" time="0.679"/>
  <system-out/>
</testsuite> <!-- testcases_customer.TC_Class1 -->
