<?xml version="1.0" encoding="UTF-8"?>
<!-- Generated by org.testng.reporters.JUnitReportReporter -->
<testsuite hostname="DESKTOP-TDD8K48" failures="0" tests="29" name="testcases_customer.TC_Class1" time="227.189" errors="2" timestamp="2024-11-12T12:39:52 IST" skipped="11">
  <testcase classname="testcases_customer.TC_Class1" name="close" time="150.036">
    <error message="A session is either terminated or not started
Build info: version: &#039;4.23.0&#039;, revision: &#039;4df0a231af&#039;
System info: os.name: &#039;Windows 10&#039;, os.arch: &#039;amd64&#039;, os.version: &#039;10.0&#039;, java.version: &#039;23&#039;
Driver info: io.appium.java_client.android.AndroidDriver
Command: [e27566c6-647d-4ea5-bf29-23d973897c15, quit {}]
Capabilities {appium:app: C:\Users\Unity\git\reposito..., appium:appPackage: com.revordscustomer.app, appium:automationName: UIAutomator2, appium:databaseEnabled: false, appium:desired: {app: C:\Users\Unity\git\reposito..., automationName: UIAutomator2, deviceName: Pixel Tablet API 35, platformName: ANDROID}, appium:deviceApiLevel: 35, appium:deviceManufacturer: Google, appium:deviceModel: sdk_gphone64_x86_64, appium:deviceName: emulator-5554, appium:deviceScreenDensity: 320, appium:deviceScreenSize: 2560x1600, appium:deviceUDID: emulator-5554, appium:javascriptEnabled: true, appium:locationContextEnabled: false, appium:networkConnectionEnabled: true, appium:pixelRatio: 2, appium:platformVersion: 15, appium:statBarHeight: 48, appium:takesScreenshot: true, appium:viewportRect: {height: 1552, left: 0, top: 48, width: 2560}, appium:warnings: {}, appium:webStorageEnabled: false, platformName: ANDROID}
Session ID: e27566c6-647d-4ea5-bf29-23d973897c15" type="org.openqa.selenium.NoSuchSessionException">
      <![CDATA[org.openqa.selenium.NoSuchSessionException: A session is either terminated or not started
Build info: version: '4.23.0', revision: '4df0a231af'
System info: os.name: 'Windows 10', os.arch: 'amd64', os.version: '10.0', java.version: '23'
Driver info: io.appium.java_client.android.AndroidDriver
Command: [e27566c6-647d-4ea5-bf29-23d973897c15, quit {}]
Capabilities {appium:app: C:\Users\Unity\git\reposito..., appium:appPackage: com.revordscustomer.app, appium:automationName: UIAutomator2, appium:databaseEnabled: false, appium:desired: {app: C:\Users\Unity\git\reposito..., automationName: UIAutomator2, deviceName: Pixel Tablet API 35, platformName: ANDROID}, appium:deviceApiLevel: 35, appium:deviceManufacturer: Google, appium:deviceModel: sdk_gphone64_x86_64, appium:deviceName: emulator-5554, appium:deviceScreenDensity: 320, appium:deviceScreenSize: 2560x1600, appium:deviceUDID: emulator-5554, appium:javascriptEnabled: true, appium:locationContextEnabled: false, appium:networkConnectionEnabled: true, appium:pixelRatio: 2, appium:platformVersion: 15, appium:statBarHeight: 48, appium:takesScreenshot: true, appium:viewportRect: {height: 1552, left: 0, top: 48, width: 2560}, appium:warnings: {}, appium:webStorageEnabled: false, platformName: ANDROID}
Session ID: e27566c6-647d-4ea5-bf29-23d973897c15
at java.base/jdk.internal.reflect.DirectConstructorHandleAccessor.newInstance(DirectConstructorHandleAccessor.java:62)
at java.base/java.lang.reflect.Constructor.newInstanceWithCaller(Constructor.java:501)
at java.base/java.lang.reflect.Constructor.newInstance(Constructor.java:485)
at org.openqa.selenium.remote.ErrorCodec.decode(ErrorCodec.java:167)
at org.openqa.selenium.remote.codec.w3c.W3CHttpResponseCodec.decode(W3CHttpResponseCodec.java:138)
at org.openqa.selenium.remote.codec.w3c.W3CHttpResponseCodec.decode(W3CHttpResponseCodec.java:50)
at org.openqa.selenium.remote.HttpCommandExecutor.execute(HttpCommandExecutor.java:190)
at io.appium.java_client.remote.AppiumCommandExecutor.execute(AppiumCommandExecutor.java:237)
at org.openqa.selenium.remote.RemoteWebDriver.execute(RemoteWebDriver.java:527)
at org.openqa.selenium.remote.RemoteWebDriver.execute(RemoteWebDriver.java:600)
at io.appium.java_client.AppiumDriver.execute(AppiumDriver.java:310)
at org.openqa.selenium.remote.RemoteWebDriver.quit(RemoteWebDriver.java:435)
at base.Base.teardown(Base.java:88)
at testcases_customer.TC_Class1.close(TC_Class1.java:398)
at java.base/jdk.internal.reflect.DirectMethodHandleAccessor.invoke(DirectMethodHandleAccessor.java:103)
at java.base/java.lang.reflect.Method.invoke(Method.java:580)
at org.testng.internal.invokers.MethodInvocationHelper.invokeMethod(MethodInvocationHelper.java:139)
at org.testng.internal.invokers.MethodInvocationHelper.invokeMethodConsideringTimeout(MethodInvocationHelper.java:69)
at org.testng.internal.invokers.ConfigInvoker.invokeConfigurationMethod(ConfigInvoker.java:361)
at org.testng.internal.invokers.ConfigInvoker.invokeConfigurations(ConfigInvoker.java:296)
at org.testng.internal.invokers.TestMethodWorker.invokeAfterClassMethods(TestMethodWorker.java:222)
at org.testng.internal.invokers.TestMethodWorker.run(TestMethodWorker.java:131)
at java.base/java.util.ArrayList.forEach(ArrayList.java:1597)
at org.testng.TestRunner.privateRun(TestRunner.java:829)
at org.testng.TestRunner.run(TestRunner.java:602)
at org.testng.SuiteRunner.runTest(SuiteRunner.java:437)
at org.testng.SuiteRunner.runSequentially(SuiteRunner.java:431)
at org.testng.SuiteRunner.privateRun(SuiteRunner.java:391)
at org.testng.SuiteRunner.run(SuiteRunner.java:330)
at org.testng.SuiteRunnerWorker.runSuite(SuiteRunnerWorker.java:52)
at org.testng.SuiteRunnerWorker.run(SuiteRunnerWorker.java:95)
at org.testng.TestNG.runSuitesSequentially(TestNG.java:1256)
at org.testng.TestNG.runSuitesLocally(TestNG.java:1176)
at org.testng.TestNG.runSuites(TestNG.java:1099)
at org.testng.TestNG.run(TestNG.java:1067)
at org.testng.remote.AbstractRemoteTestNG.run(AbstractRemoteTestNG.java:115)
at org.testng.remote.RemoteTestNG.initAndRun(RemoteTestNG.java:293)
at org.testng.remote.RemoteTestNG.main(RemoteTestNG.java:91)
]]>
    </error>
  </testcase> <!-- close -->
  <system-out/>
  <testcase classname="testcases_customer.TC_Class1" name="verify_CustomerAppLogin_with_Valid_Credentials" time="4.779"/>
  <system-out/>
  <testcase classname="testcases_customer.TC_Class1" name="verify_Cust_SignIn_with_New_MobileNumber_10_Digit" time="9.591"/>
  <system-out/>
  <testcase classname="testcases_customer.TC_Class1" name="verify_YES_NO_Button_InformationPage" time="0.647"/>
  <system-out/>
  <testcase classname="testcases_customer.TC_Class1" name="verify_Age_CheckBox" time="0.409"/>
  <system-out/>
  <testcase classname="testcases_customer.TC_Class1" name="click_letsStartButton" time="0.401"/>
  <system-out/>
  <testcase classname="testcases_customer.TC_Class1" name="verify_POPUP_Cancel_Button" time="0.930"/>
  <system-out/>
  <testcase classname="testcases_customer.TC_Class1" name="verify_POP_yesButton" time="1.152"/>
  <system-out/>
  <testcase classname="testcases_customer.TC_Class1" name="verify_ContinueButtonAndSpinWheelPage" time="3.743"/>
  <system-out/>
  <testcase classname="testcases_customer.TC_Class1" name="verify_RewardPOPUP" time="19.690"/>
  <system-out/>
  <testcase classname="testcases_customer.TC_Class1" name="verifyReward_AtSpinWheelPage" time="1.853"/>
  <system-out/>
  <testcase classname="testcases_customer.TC_Class1" name="click_ContinueButton_Spinwheel" time="0.556"/>
  <system-out/>
  <testcase classname="testcases_customer.TC_Class1" name="VerifySpinwheelData_AfterClicking_ContinueButton" time="21.571">
    <error message="Can&#039;t locate an element by this strategy: By.chained({By.xpath: (//android.widget.TextView)[15]})" type="org.openqa.selenium.NoSuchElementException">
      <![CDATA[org.openqa.selenium.NoSuchElementException: Can't locate an element by this strategy: By.chained({By.xpath: (//android.widget.TextView)[15]})
at io.appium.java_client.pagefactory.AppiumElementLocator.findElement(AppiumElementLocator.java:166)
at io.appium.java_client.pagefactory.interceptors.InterceptorOfASingleElement.call(InterceptorOfASingleElement.java:75)
at io.appium.java_client.proxy.Interceptor.intercept(Interceptor.java:78)
at org.openqa.selenium.remote.RemoteWebElement$ByteBuddy$RCO8NdtQ.getText(Unknown Source)
at pom_cutomer.Customer_Info_Page.spinwheelPointsRevordSummarypage(Customer_Info_Page.java:252)
at testcases_customer.TC_Class1.VerifySpinwheelData_AfterClicking_ContinueButton(TC_Class1.java:345)
at java.base/jdk.internal.reflect.DirectMethodHandleAccessor.invoke(DirectMethodHandleAccessor.java:103)
at java.base/java.lang.reflect.Method.invoke(Method.java:580)
at org.testng.internal.invokers.MethodInvocationHelper.invokeMethod(MethodInvocationHelper.java:139)
at org.testng.internal.invokers.TestInvoker.invokeMethod(TestInvoker.java:677)
at org.testng.internal.invokers.TestInvoker.invokeTestMethod(TestInvoker.java:221)
at org.testng.internal.invokers.MethodRunner.runInSequence(MethodRunner.java:50)
at org.testng.internal.invokers.TestInvoker$MethodInvocationAgent.invoke(TestInvoker.java:969)
at org.testng.internal.invokers.TestInvoker.invokeTestMethods(TestInvoker.java:194)
at org.testng.internal.invokers.TestMethodWorker.invokeTestMethods(TestMethodWorker.java:148)
at org.testng.internal.invokers.TestMethodWorker.run(TestMethodWorker.java:128)
at java.base/java.util.ArrayList.forEach(ArrayList.java:1597)
at org.testng.TestRunner.privateRun(TestRunner.java:829)
at org.testng.TestRunner.run(TestRunner.java:602)
at org.testng.SuiteRunner.runTest(SuiteRunner.java:437)
at org.testng.SuiteRunner.runSequentially(SuiteRunner.java:431)
at org.testng.SuiteRunner.privateRun(SuiteRunner.java:391)
at org.testng.SuiteRunner.run(SuiteRunner.java:330)
at org.testng.SuiteRunnerWorker.runSuite(SuiteRunnerWorker.java:52)
at org.testng.SuiteRunnerWorker.run(SuiteRunnerWorker.java:95)
at org.testng.TestNG.runSuitesSequentially(TestNG.java:1256)
at org.testng.TestNG.runSuitesLocally(TestNG.java:1176)
at org.testng.TestNG.runSuites(TestNG.java:1099)
at org.testng.TestNG.run(TestNG.java:1067)
at org.testng.remote.AbstractRemoteTestNG.run(AbstractRemoteTestNG.java:115)
at org.testng.remote.RemoteTestNG.initAndRun(RemoteTestNG.java:293)
at org.testng.remote.RemoteTestNG.main(RemoteTestNG.java:91)
Caused by: org.openqa.selenium.TimeoutException: Expected condition failed: waiting for io.appium.java_client.pagefactory.AppiumElementLocator$WaitingFunction@1a1f5f71 (tried for 1 second(s) with 500 milliseconds interval)
at org.openqa.selenium.support.ui.FluentWait.timeoutException(FluentWait.java:265)
at org.openqa.selenium.support.ui.FluentWait.until(FluentWait.java:228)
at io.appium.java_client.pagefactory.AppiumElementLocator.waitFor(AppiumElementLocator.java:135)
at io.appium.java_client.pagefactory.AppiumElementLocator.findElement(AppiumElementLocator.java:160)
... 31 more
Caused by: org.openqa.selenium.NoSuchElementException: Cannot locate an element using By.chained({By.xpath: (//android.widget.TextView)[15]})
For documentation on this error, please visit: https://www.selenium.dev/documentation/webdriver/troubleshooting/errors#no-such-element-exception
Build info: version: '4.23.0', revision: '4df0a231af'
System info: os.name: 'Windows 10', os.arch: 'amd64', os.version: '10.0', java.version: '23'
Driver info: driver.version: RemoteWebDriver
at io.appium.java_client.pagefactory.bys.builder.ByChained.findElement(ByChained.java:74)
at org.openqa.selenium.remote.ElementLocation$ElementFinder$1.findElement(ElementLocation.java:139)
at org.openqa.selenium.remote.ElementLocation.findElement(ElementLocation.java:59)
at org.openqa.selenium.remote.RemoteWebDriver.findElement(RemoteWebDriver.java:357)
at org.openqa.selenium.remote.RemoteWebDriver.findElement(RemoteWebDriver.java:351)
at io.appium.java_client.pagefactory.bys.ContentMappedBy.findElement(ContentMappedBy.java:54)
at org.openqa.selenium.remote.ElementLocation$ElementFinder$1.findElement(ElementLocation.java:139)
at org.openqa.selenium.remote.ElementLocation.findElement(ElementLocation.java:59)
at org.openqa.selenium.remote.RemoteWebDriver.findElement(RemoteWebDriver.java:357)
at org.openqa.selenium.remote.RemoteWebDriver.findElement(RemoteWebDriver.java:351)
at io.appium.java_client.pagefactory.AppiumElementLocator.lambda$findElement$1(AppiumElementLocator.java:160)
at io.appium.java_client.pagefactory.AppiumElementLocator$WaitingFunction.apply(AppiumElementLocator.java:217)
at io.appium.java_client.pagefactory.AppiumElementLocator$WaitingFunction.apply(AppiumElementLocator.java:210)
at org.openqa.selenium.support.ui.FluentWait.until(FluentWait.java:203)
... 33 more
]]>
    </error>
  </testcase> <!-- VerifySpinwheelData_AfterClicking_ContinueButton -->
  <system-out>
    <![CDATA[Taking ScreenShot
Saved ScreenShot atC:\Users\Unity\git\repository\Revords\Revords_TestScreenShots\VerifySpinwheelData_AfterClicking_ContinueButton_12.11.2024.12.37.04.png]]>
  </system-out>
  <testcase classname="testcases_customer.TC_Class1" name="VerifyCustomer_CurrentBalance_afterSpin_RevordSummaryPage" time="0.100"/>
  <system-out/>
  <testcase classname="testcases_customer.TC_Class1" name="CustomerNameAtRevordSummaryPage" time="0.094"/>
  <system-out/>
  <testcase classname="testcases_customer.TC_Class1" name="Click_ContinueButton_At_RevordSummaryPage" time="10.205"/>
  <system-out/>
  <testcase classname="testcases_customer.TC_Class1" name="verify_like_Button_At_NearBy_Revords_Businesses" time="1.259"/>
  <system-out/>
  <testcase classname="testcases_customer.TC_Class1" name="verify_Done_Button_At_Nearby_Revords_Business" time="0.173"/>
  <system-out/>
  <testcase classname="testcases_customer.TC_Class1" name="verify_CustoerAppLogin_with_Wrong_Credentials">
    <skipped/>
  </testcase> <!-- verify_CustoerAppLogin_with_Wrong_Credentials -->
  <system-out/>
  <testcase classname="testcases_customer.TC_Class1" name="verify_NameTextBox_InformationPage">
    <skipped/>
  </testcase> <!-- verify_NameTextBox_InformationPage -->
  <system-out/>
  <testcase classname="testcases_customer.TC_Class1" name="clickability_TermsANDConditionsLink">
    <skipped/>
  </testcase> <!-- clickability_TermsANDConditionsLink -->
  <system-out/>
  <testcase classname="testcases_customer.TC_Class1" name="verify_EmailTextBox_InformationPage">
    <skipped/>
  </testcase> <!-- verify_EmailTextBox_InformationPage -->
  <system-out/>
  <testcase classname="testcases_customer.TC_Class1" name="visibility_TermsANDConditionsPageLink">
    <skipped/>
  </testcase> <!-- visibility_TermsANDConditionsPageLink -->
  <system-out/>
  <testcase classname="testcases_customer.TC_Class1" name="verify_termsPageText">
    <skipped/>
  </testcase> <!-- verify_termsPageText -->
  <system-out/>
  <testcase classname="testcases_customer.TC_Class1" name="verify_customer_BirthMonth_dropdown">
    <skipped/>
  </testcase> <!-- verify_customer_BirthMonth_dropdown -->
  <system-out/>
  <testcase classname="testcases_customer.TC_Class1" name="customer_choose_BirthDate">
    <skipped/>
  </testcase> <!-- customer_choose_BirthDate -->
  <system-out/>
  <testcase classname="testcases_customer.TC_Class1" name="verify_Customer_SignIn_with_9_Digit_MobileNumber">
    <skipped/>
  </testcase> <!-- verify_Customer_SignIn_with_9_Digit_MobileNumber -->
  <system-out/>
  <testcase classname="testcases_customer.TC_Class1" name="customer_choose_BirthMonth">
    <skipped/>
  </testcase> <!-- customer_choose_BirthMonth -->
  <system-out/>
  <testcase classname="testcases_customer.TC_Class1" name="verify_APP_is_Installed">
    <skipped/>
  </testcase> <!-- verify_APP_is_Installed -->
  <system-out/>
</testsuite> <!-- testcases_customer.TC_Class1 -->
