<?xml version="1.0" encoding="UTF-8"?>
<!-- Generated by org.testng.reporters.JUnitReportReporter -->
<testsuite hostname="DESKTOP-TDD8K48" failures="0" tests="11" name="testcases_store.TC_Class2" time="125.152" errors="0" timestamp="2024-10-21T14:14:14 IST" skipped="9">
  <testcase classname="testcases_store.TC_Class2" name="login_Verify" time="7.265"/>
  <system-out/>
  <testcase classname="testcases_store.TC_Class2" name="verify_userDetailsEdit" time="117.887"/>
  <system-out/>
  <testcase classname="testcases_store.TC_Class2" name="verify_alreadySigninCustomer">
    <skipped/>
  </testcase> <!-- verify_alreadySigninCustomer -->
  <system-out/>
  <testcase classname="testcases_store.TC_Class2" name="verify_Navigation">
    <skipped/>
  </testcase> <!-- verify_Navigation -->
  <system-out/>
  <testcase classname="testcases_store.TC_Class2" name="Add_NewUser">
    <skipped/>
  </testcase> <!-- Add_NewUser -->
  <system-out/>
  <testcase classname="testcases_store.TC_Class2" name="verify_DateFilter_HistoryPage">
    <skipped/>
  </testcase> <!-- verify_DateFilter_HistoryPage -->
  <system-out/>
  <testcase classname="testcases_store.TC_Class2" name="Verify_User_Details">
    <skipped/>
  </testcase> <!-- Verify_User_Details -->
  <system-out/>
  <testcase classname="testcases_store.TC_Class2" name="Verify_Dashboard">
    <skipped/>
  </testcase> <!-- Verify_Dashboard -->
  <system-out/>
  <testcase classname="testcases_store.TC_Class2" name="verify_UserSignout_And_Verify_SummaryPage_Details">
    <skipped/>
  </testcase> <!-- verify_UserSignout_And_Verify_SummaryPage_Details -->
  <system-out/>
  <testcase classname="testcases_store.TC_Class2" name="verify_detailsOnSettingPage">
    <skipped/>
  </testcase> <!-- verify_detailsOnSettingPage -->
  <system-out/>
  <testcase classname="testcases_store.TC_Class2" name="rewards_visibilty">
    <skipped/>
  </testcase> <!-- rewards_visibilty -->
  <system-out/>
</testsuite> <!-- testcases_store.TC_Class2 -->
