<?xml version="1.0" encoding="UTF-8"?>
<!-- Generated by org.testng.reporters.JUnitReportReporter -->
<testsuite hostname="DESKTOP-TDD8K48" failures="0" tests="7" name="testcases_store.TC_Class3" time="30.460" errors="0" timestamp="2024-11-18T12:36:57 IST" skipped="6">
  <testcase classname="testcases_store.TC_Class3" name="verify_Users_Visibility_On_HistoryPage" time="30.460"/>
  <system-out/>
  <testcase classname="testcases_store.TC_Class3" name="verify_UserEdit_On_History_Page">
    <skipped/>
  </testcase> <!-- verify_UserEdit_On_History_Page -->
  <system-out/>
  <testcase classname="testcases_store.TC_Class3" name="verify_SpinWheel_RewardPresentOn_CustomerPage">
    <skipped/>
  </testcase> <!-- verify_SpinWheel_RewardPresentOn_CustomerPage -->
  <system-out/>
  <testcase classname="testcases_store.TC_Class3" name="verify_SpinwheelData_CustomerPage">
    <skipped/>
  </testcase> <!-- verify_SpinwheelData_CustomerPage -->
  <system-out/>
  <testcase classname="testcases_store.TC_Class3" name="Verify_SignupNewUserwith_MobileNumber">
    <skipped/>
  </testcase> <!-- Verify_SignupNewUserwith_MobileNumber -->
  <system-out/>
  <testcase classname="testcases_store.TC_Class3" name="verify_AutoPilot_PresentOn_CustomerPage">
    <skipped/>
  </testcase> <!-- verify_AutoPilot_PresentOn_CustomerPage -->
  <system-out/>
  <testcase classname="testcases_store.TC_Class3" name="verify_SearchField_Visibility_Clickability_HistoryPage">
    <skipped/>
  </testcase> <!-- verify_SearchField_Visibility_Clickability_HistoryPage -->
  <system-out/>
</testsuite> <!-- testcases_store.TC_Class3 -->
