<?xml version="1.0" encoding="UTF-8"?>
<!-- Generated by org.testng.reporters.JUnitReportReporter -->
<testsuite hostname="DESKTOP-TDD8K48" failures="0" tests="3" name="testcases_customer.ExtraTestCases" time="18.563" errors="0" timestamp="2024-11-15T11:37:51 IST" skipped="0">
  <testcase classname="testcases_customer.ExtraTestCases" name="Customer_APP_Login_Different_Location" time="6.969"/>
  <system-out/>
  <testcase classname="testcases_customer.ExtraTestCases" name="Verify_Already_Registered_Customer_Signin_Different_Location" time="9.618"/>
  <system-out/>
  <testcase classname="testcases_customer.ExtraTestCases" name="Verify_OptIn_POPUP_Message_for_Old_Customer_Different_Location" time="1.976"/>
  <system-out/>
</testsuite> <!-- testcases_customer.ExtraTestCases -->
