<?xml version="1.0" encoding="UTF-8"?>
<!-- Generated by org.testng.reporters.JUnitReportReporter -->
<testsuite hostname="DESKTOP-TDD8K48" failures="0" tests="8" name="testcases_customer.TC_Class2" time="32.476" errors="0" timestamp="2024-10-25T10:56:43 IST" skipped="0">
  <testcase classname="testcases_customer.TC_Class2" name="verify_APP_is_Installed" time="0.118"/>
  <system-out/>
  <testcase classname="testcases_customer.TC_Class2" name="verify_CustoerAppLogin_with_Wrong_Credentials" time="4.738"/>
  <system-out/>
  <testcase classname="testcases_customer.TC_Class2" name="verify_CustomerAppLogin_with_Valid_Credentials" time="3.809"/>
  <system-out/>
  <testcase classname="testcases_customer.TC_Class2" name="verify_Customer_SignIn_with_9_Digit_MobileNumber" time="10.813"/>
  <system-out/>
  <testcase classname="testcases_customer.TC_Class2" name="visibility_TermsANDConditions" time="0.230"/>
  <system-out/>
  <testcase classname="testcases_customer.TC_Class2" name="clickability_TermsANDConditions" time="1.472"/>
  <system-out/>
  <testcase classname="testcases_customer.TC_Class2" name="verify_Cust_SignIn_with_New_MobileNumber_10_Digit" time="7.830"/>
  <system-out/>
  <testcase classname="testcases_customer.TC_Class2" name="verify_promotionalMessage_POPUP" time="3.466"/>
  <system-out/>
</testsuite> <!-- testcases_customer.TC_Class2 -->
