<?xml version="1.0" encoding="UTF-8"?>
<!-- Generated by org.testng.reporters.JUnitReportReporter -->
<testsuite hostname="DESKTOP-TDD8K48" failures="0" tests="4" name="testcases.TC_Class2" time="39.348" errors="0" timestamp="2024-10-11T11:56:36 IST" skipped="0">
  <testcase classname="testcases.TC_Class2" name="login_Verify" time="15.619"/>
  <system-out>
    <![CDATA[Login Success!!!! TC Passed]]>
  </system-out>
  <testcase classname="testcases.TC_Class2" name="Verify_Dashboard" time="1.676"/>
  <system-out/>
  <testcase classname="testcases.TC_Class2" name="rewards_visibilty" time="0.429"/>
  <system-out/>
  <testcase classname="testcases.TC_Class2" name="verify_Navigation" time="21.624"/>
  <system-out/>
</testsuite> <!-- testcases.TC_Class2 -->
