<?xml version="1.0" encoding="UTF-8"?>
<!-- Generated by org.testng.reporters.JUnitReportReporter -->
<testsuite hostname="DESKTOP-TDD8K48" failures="0" tests="9" name="testcases_store.TC_Class4" time="56.356" errors="0" timestamp="2024-10-28T18:21:40 IST" skipped="0">
  <testcase classname="testcases_store.TC_Class4" name="login" time="5.857"/>
  <system-out/>
  <testcase classname="testcases_store.TC_Class4" name="disablewifi" time="10.015"/>
  <system-out/>
  <testcase classname="testcases_store.TC_Class4" name="pressBackButton_Lostwifi" time="0.235"/>
  <system-out/>
  <testcase classname="testcases_store.TC_Class4" name="enablewifi" time="10.123"/>
  <system-out/>
  <testcase classname="testcases_store.TC_Class4" name="click_homeTab_After_Connection_Restore" time="4.964"/>
  <system-out/>
  <testcase classname="testcases_store.TC_Class4" name="disablewifi2" time="10.009"/>
  <system-out/>
  <testcase classname="testcases_store.TC_Class4" name="pressBackButton_Lostwifi2" time="0.250"/>
  <system-out/>
  <testcase classname="testcases_store.TC_Class4" name="enablewifi2" time="10.119"/>
  <system-out/>
  <testcase classname="testcases_store.TC_Class4" name="click_historyTab_After_Connection_Restore" time="4.784"/>
  <system-out/>
</testsuite> <!-- testcases_store.TC_Class4 -->
