<?xml version="1.0" encoding="UTF-8"?>
<!-- Generated by org.testng.reporters.JUnitReportReporter -->
<testsuite hostname="DESKTOP-TDD8K48" failures="0" tests="6" name="testcases_store.TC_Class3" time="1.201" errors="1" timestamp="2024-10-25T14:55:30 IST" skipped="5">
  <testcase classname="testcases_store.TC_Class3" name="startup" time="1.201">
    <error message="Could not start a new session. Response code 500. Message: An unknown server-side error occurred while processing the command. Original error: The application at &#039;C:\Users\Unity\eclipse-workspace\Revords\src\test\resources\StoreApp.apk&#039; does not exist or is not accessible 
Host info: host: &#039;DESKTOP-TDD8K48&#039;, ip: &#039;192.168.3.98&#039;
Build info: version: &#039;4.23.0&#039;, revision: &#039;4df0a231af&#039;
System info: os.name: &#039;Windows 10&#039;, os.arch: &#039;amd64&#039;, os.version: &#039;10.0&#039;, java.version: &#039;23&#039;
Driver info: io.appium.java_client.android.AndroidDriver
Command: [null, newSession {capabilities=[Capabilities {appium:app: C:\Users\Unity\eclipse-work..., appium:automationName: UIAutomator2, appium:deviceName: Pixel Tablet API 35, platformName: ANDROID}]}]
Capabilities {appium:app: C:\Users\Unity\eclipse-work..., appium:automationName: UIAutomator2, appium:deviceName: Pixel Tablet API 35, platformName: ANDROID}" type="org.openqa.selenium.SessionNotCreatedException">
      <![CDATA[org.openqa.selenium.SessionNotCreatedException: Could not start a new session. Response code 500. Message: An unknown server-side error occurred while processing the command. Original error: The application at 'C:\Users\Unity\eclipse-workspace\Revords\src\test\resources\StoreApp.apk' does not exist or is not accessible 
Host info: host: 'DESKTOP-TDD8K48', ip: '192.168.3.98'
Build info: version: '4.23.0', revision: '4df0a231af'
System info: os.name: 'Windows 10', os.arch: 'amd64', os.version: '10.0', java.version: '23'
Driver info: io.appium.java_client.android.AndroidDriver
Command: [null, newSession {capabilities=[Capabilities {appium:app: C:\Users\Unity\eclipse-work..., appium:automationName: UIAutomator2, appium:deviceName: Pixel Tablet API 35, platformName: ANDROID}]}]
Capabilities {appium:app: C:\Users\Unity\eclipse-work..., appium:automationName: UIAutomator2, appium:deviceName: Pixel Tablet API 35, platformName: ANDROID}
at org.openqa.selenium.remote.ProtocolHandshake.createSession(ProtocolHandshake.java:114)
at org.openqa.selenium.remote.ProtocolHandshake.createSession(ProtocolHandshake.java:75)
at org.openqa.selenium.remote.ProtocolHandshake.createSession(ProtocolHandshake.java:61)
at io.appium.java_client.remote.AppiumCommandExecutor.createSession(AppiumCommandExecutor.java:176)
at io.appium.java_client.remote.AppiumCommandExecutor.execute(AppiumCommandExecutor.java:237)
at org.openqa.selenium.remote.RemoteWebDriver.execute(RemoteWebDriver.java:527)
at io.appium.java_client.AppiumDriver.startSession(AppiumDriver.java:270)
at org.openqa.selenium.remote.RemoteWebDriver.<init>(RemoteWebDriver.java:163)
at io.appium.java_client.AppiumDriver.<init>(AppiumDriver.java:91)
at io.appium.java_client.AppiumDriver.<init>(AppiumDriver.java:103)
at io.appium.java_client.android.AndroidDriver.<init>(AndroidDriver.java:109)
at base.Base.configureAppium(Base.java:46)
at testcases_store.TC_Class3.startup(TC_Class3.java:47)
at java.base/jdk.internal.reflect.DirectMethodHandleAccessor.invoke(DirectMethodHandleAccessor.java:103)
at java.base/java.lang.reflect.Method.invoke(Method.java:580)
at org.testng.internal.invokers.MethodInvocationHelper.invokeMethod(MethodInvocationHelper.java:139)
at org.testng.internal.invokers.MethodInvocationHelper.invokeMethodConsideringTimeout(MethodInvocationHelper.java:69)
at org.testng.internal.invokers.ConfigInvoker.invokeConfigurationMethod(ConfigInvoker.java:361)
at org.testng.internal.invokers.ConfigInvoker.invokeConfigurations(ConfigInvoker.java:296)
at org.testng.internal.invokers.TestMethodWorker.invokeBeforeClassMethods(TestMethodWorker.java:180)
at org.testng.internal.invokers.TestMethodWorker.run(TestMethodWorker.java:122)
at java.base/java.util.ArrayList.forEach(ArrayList.java:1597)
at org.testng.TestRunner.privateRun(TestRunner.java:829)
at org.testng.TestRunner.run(TestRunner.java:602)
at org.testng.SuiteRunner.runTest(SuiteRunner.java:437)
at org.testng.SuiteRunner.runSequentially(SuiteRunner.java:431)
at org.testng.SuiteRunner.privateRun(SuiteRunner.java:391)
at org.testng.SuiteRunner.run(SuiteRunner.java:330)
at org.testng.SuiteRunnerWorker.runSuite(SuiteRunnerWorker.java:52)
at org.testng.SuiteRunnerWorker.run(SuiteRunnerWorker.java:95)
at org.testng.TestNG.runSuitesSequentially(TestNG.java:1256)
at org.testng.TestNG.runSuitesLocally(TestNG.java:1176)
at org.testng.TestNG.runSuites(TestNG.java:1099)
at org.testng.TestNG.run(TestNG.java:1067)
at org.testng.remote.AbstractRemoteTestNG.run(AbstractRemoteTestNG.java:115)
at org.testng.remote.RemoteTestNG.initAndRun(RemoteTestNG.java:293)
at org.testng.remote.RemoteTestNG.main(RemoteTestNG.java:91)
]]>
    </error>
  </testcase> <!-- startup -->
  <system-out/>
  <testcase classname="testcases_store.TC_Class3" name="verify_userDetailsEdit" time="0.000">
    <skipped/>
  </testcase> <!-- verify_userDetailsEdit -->
  <system-out/>
  <testcase classname="testcases_store.TC_Class3" name="verify_UserEditFromHistoryList" time="0.000">
    <skipped/>
  </testcase> <!-- verify_UserEditFromHistoryList -->
  <system-out/>
  <testcase classname="testcases_store.TC_Class3" name="Verify_SignupNewUserwith_MobileNumber" time="0.000">
    <skipped/>
  </testcase> <!-- Verify_SignupNewUserwith_MobileNumber -->
  <system-out/>
  <testcase classname="testcases_store.TC_Class3" name="verify_NetworkLostIcon" time="0.000">
    <skipped/>
  </testcase> <!-- verify_NetworkLostIcon -->
  <system-out/>
  <testcase classname="testcases_store.TC_Class3" name="verify_RestoreNetwork" time="0.000">
    <skipped/>
  </testcase> <!-- verify_RestoreNetwork -->
  <system-out/>
</testsuite> <!-- testcases_store.TC_Class3 -->
