<?xml version="1.0" encoding="UTF-8"?>
<!-- Generated by org.testng.reporters.JUnitReportReporter -->
<testsuite hostname="DESKTOP-TDD8K48" failures="0" tests="5" name="testcases_store.TC_Class5" time="24.829" errors="0" timestamp="2024-11-18T11:35:02 IST" skipped="0">
  <testcase classname="testcases_store.TC_Class5" name="login" time="6.826"/>
  <system-out/>
  <testcase classname="testcases_store.TC_Class5" name="get_User_PhoneNumber_Dashboard" time="6.506"/>
  <system-out/>
  <testcase classname="testcases_store.TC_Class5" name="process_MobileNumber" time="0.001"/>
  <system-out/>
  <testcase classname="testcases_store.TC_Class5" name="enter_MobileNumberNewPage" time="8.898"/>
  <system-out/>
  <testcase classname="testcases_store.TC_Class5" name="verify_ErrorMessage" time="2.598"/>
  <system-out/>
</testsuite> <!-- testcases_store.TC_Class5 -->
