<?xml version="1.0" encoding="UTF-8"?>
<!-- Generated by org.testng.reporters.JUnitReportReporter -->
<testsuite hostname="DESKTOP-TDD8K48" failures="0" tests="5" name="testcases_store.TC_Class3" time="133.695" errors="0" timestamp="2024-10-22T10:29:08 IST" skipped="0">
  <testcase classname="testcases_store.TC_Class3" name="verify_UserEditFromHistoryList" time="20.991"/>
  <system-out/>
  <testcase classname="testcases_store.TC_Class3" name="verify_userDetailsEdit" time="70.154"/>
  <system-out/>
  <testcase classname="testcases_store.TC_Class3" name="Verify_SignupNewUserwith_MobileNumber" time="20.034"/>
  <system-out/>
  <testcase classname="testcases_store.TC_Class3" name="verify_NetworkLostIcon" time="7.700"/>
  <system-out/>
  <testcase classname="testcases_store.TC_Class3" name="verify_RestoreNetwork" time="14.816"/>
  <system-out/>
</testsuite> <!-- testcases_store.TC_Class3 -->
