<?xml version="1.0" encoding="UTF-8"?>
<!-- Generated by org.testng.reporters.JUnitReportReporter -->
<testsuite hostname="DESKTOP-TDD8K48" failures="0" tests="7" name="testcases_customer.TC_Class2" time="43.429" errors="0" timestamp="2024-11-11T11:51:20 IST" skipped="0">
  <testcase classname="testcases_customer.TC_Class2" name="Customer_Login" time="3.813"/>
  <system-out/>
  <testcase classname="testcases_customer.TC_Class2" name="Existing_Customer_Entering_MobileNumber" time="8.698"/>
  <system-out/>
  <testcase classname="testcases_customer.TC_Class2" name="verify_Already_Signed_in_Message" time="3.031"/>
  <system-out/>
  <testcase classname="testcases_customer.TC_Class2" name="verify_NetworkLost_Icon_Customer_Tab" time="10.021"/>
  <system-out/>
  <testcase classname="testcases_customer.TC_Class2" name="verify_BackButton_NetworkLostScreen_CustomerTab" time="3.775"/>
  <system-out/>
  <testcase classname="testcases_customer.TC_Class2" name="enable_wifi_CustomerTab" time="10.105"/>
  <system-out/>
  <testcase classname="testcases_customer.TC_Class2" name="Click_EnterButton_After_ConnectionRestore_CustomerTab" time="3.986"/>
  <system-out/>
</testsuite> <!-- testcases_customer.TC_Class2 -->
